<?xml version="1.0" encoding="UTF-8"?>
<testsuites>
  <testsuite name="" tests="18" assertions="90" errors="0" warnings="0" failures="0" skipped="0" time="0.039690">
    <testsuite name="Project Test Suite" tests="18" assertions="90" errors="0" warnings="0" failures="0" skipped="0" time="0.039690">
      <testsuite name="App\AGame21\PlayerTest" file="/home/axaite/dbwebb-kurser/mvc/me/report/tests/AGame21/PlayerTest.php" tests="2" assertions="4" errors="0" warnings="0" failures="0" skipped="0" time="0.009698">
        <testcase name="testGetPCards" class="App\AGame21\PlayerTest" classname="App.AGame21.PlayerTest" file="/home/axaite/dbwebb-kurser/mvc/me/report/tests/AGame21/PlayerTest.php" line="19" assertions="1" time="0.008411"/>
        <testcase name="testGetPoints" class="App\AGame21\PlayerTest" classname="App.AGame21.PlayerTest" file="/home/axaite/dbwebb-kurser/mvc/me/report/tests/AGame21/PlayerTest.php" line="32" assertions="3" time="0.001287"/>
      </testsuite>
      <testsuite name="App\Card\CardHandTest" file="/home/axaite/dbwebb-kurser/mvc/me/report/tests/Card/CardHandTest.php" tests="2" assertions="7" errors="0" warnings="0" failures="0" skipped="0" time="0.017961">
        <testcase name="testCreateCard" class="App\Card\CardHandTest" classname="App.Card.CardHandTest" file="/home/axaite/dbwebb-kurser/mvc/me/report/tests/Card/CardHandTest.php" line="17" assertions="2" time="0.001827"/>
        <testcase name="testDeal" class="App\Card\CardHandTest" classname="App.Card.CardHandTest" file="/home/axaite/dbwebb-kurser/mvc/me/report/tests/Card/CardHandTest.php" line="30" assertions="5" time="0.016135"/>
      </testsuite>
      <testsuite name="App\Card\CardTest" file="/home/axaite/dbwebb-kurser/mvc/me/report/tests/Card/CardTest.php" tests="5" assertions="11" errors="0" warnings="0" failures="0" skipped="0" time="0.003898">
        <testcase name="testCreateCard" class="App\Card\CardTest" classname="App.Card.CardTest" file="/home/axaite/dbwebb-kurser/mvc/me/report/tests/Card/CardTest.php" line="17" assertions="2" time="0.002140"/>
        <testcase name="testCreateCardWithValue" class="App\Card\CardTest" classname="App.Card.CardTest" file="/home/axaite/dbwebb-kurser/mvc/me/report/tests/Card/CardTest.php" line="30" assertions="2" time="0.000705"/>
        <testcase name="testCreateCardWithSuit" class="App\Card\CardTest" classname="App.Card.CardTest" file="/home/axaite/dbwebb-kurser/mvc/me/report/tests/Card/CardTest.php" line="43" assertions="3" time="0.000381"/>
        <testcase name="testCardSetSuit" class="App\Card\CardTest" classname="App.Card.CardTest" file="/home/axaite/dbwebb-kurser/mvc/me/report/tests/Card/CardTest.php" line="58" assertions="2" time="0.000371"/>
        <testcase name="testCardSetValue" class="App\Card\CardTest" classname="App.Card.CardTest" file="/home/axaite/dbwebb-kurser/mvc/me/report/tests/Card/CardTest.php" line="72" assertions="2" time="0.000301"/>
      </testsuite>
      <testsuite name="App\Card\DeckOfCardsGraphicTest" file="/home/axaite/dbwebb-kurser/mvc/me/report/tests/Card/DeckOfCardsGraphicTest.php" tests="2" assertions="3" errors="0" warnings="0" failures="0" skipped="0" time="0.001259">
        <testcase name="testCreateGraphicDeck" class="App\Card\DeckOfCardsGraphicTest" classname="App.Card.DeckOfCardsGraphicTest" file="/home/axaite/dbwebb-kurser/mvc/me/report/tests/Card/DeckOfCardsGraphicTest.php" line="17" assertions="2" time="0.000902"/>
        <testcase name="testGetCardGraphic" class="App\Card\DeckOfCardsGraphicTest" classname="App.Card.DeckOfCardsGraphicTest" file="/home/axaite/dbwebb-kurser/mvc/me/report/tests/Card/DeckOfCardsGraphicTest.php" line="31" assertions="1" time="0.000357"/>
      </testsuite>
      <testsuite name="App\Card\DeckOfCardsTest" file="/home/axaite/dbwebb-kurser/mvc/me/report/tests/Card/DeckOfCardsTest.php" tests="5" assertions="60" errors="0" warnings="0" failures="0" skipped="0" time="0.005463">
        <testcase name="testCreateDeck" class="App\Card\DeckOfCardsTest" classname="App.Card.DeckOfCardsTest" file="/home/axaite/dbwebb-kurser/mvc/me/report/tests/Card/DeckOfCardsTest.php" line="17" assertions="2" time="0.000504"/>
        <testcase name="testshuffleDeck" class="App\Card\DeckOfCardsTest" classname="App.Card.DeckOfCardsTest" file="/home/axaite/dbwebb-kurser/mvc/me/report/tests/Card/DeckOfCardsTest.php" line="30" assertions="2" time="0.001027"/>
        <testcase name="testDealACard" class="App\Card\DeckOfCardsTest" classname="App.Card.DeckOfCardsTest" file="/home/axaite/dbwebb-kurser/mvc/me/report/tests/Card/DeckOfCardsTest.php" line="44" assertions="1" time="0.000415"/>
        <testcase name="testSetCards" class="App\Card\DeckOfCardsTest" classname="App.Card.DeckOfCardsTest" file="/home/axaite/dbwebb-kurser/mvc/me/report/tests/Card/DeckOfCardsTest.php" line="57" assertions="2" time="0.001439"/>
        <testcase name="testGetCards" class="App\Card\DeckOfCardsTest" classname="App.Card.DeckOfCardsTest" file="/home/axaite/dbwebb-kurser/mvc/me/report/tests/Card/DeckOfCardsTest.php" line="72" assertions="53" time="0.002078"/>
      </testsuite>
      <testsuite name="App\Dice\DiceTest" file="/home/axaite/dbwebb-kurser/mvc/me/report/tests/Dice/DiceTest.php" tests="2" assertions="5" errors="0" warnings="0" failures="0" skipped="0" time="0.001411">
        <testcase name="testCreateDice" class="App\Dice\DiceTest" classname="App.Dice.DiceTest" file="/home/axaite/dbwebb-kurser/mvc/me/report/tests/Dice/DiceTest.php" line="17" assertions="2" time="0.000897"/>
        <testcase name="testRollDice" class="App\Dice\DiceTest" classname="App.Dice.DiceTest" file="/home/axaite/dbwebb-kurser/mvc/me/report/tests/Dice/DiceTest.php" line="30" assertions="3" time="0.000514"/>
      </testsuite>
    </testsuite>
  </testsuite>
</testsuites>
