<?xml version="1.0" encoding="UTF-8"?>
<testsuites>
  <testsuite name="" tests="19" assertions="93" errors="0" warnings="0" failures="0" skipped="0" time="0.031967">
    <testsuite name="Project Test Suite" tests="19" assertions="93" errors="0" warnings="0" failures="0" skipped="0" time="0.031967">
      <testsuite name="App\AGame21\PlayerTest" file="/home/axaite/dbwebb-kurser/mvc/me/report/tests/AGame21/PlayerTest.php" tests="3" assertions="7" errors="0" warnings="0" failures="0" skipped="0" time="0.008493">
        <testcase name="testGetPCards" class="App\AGame21\PlayerTest" classname="App.AGame21.PlayerTest" file="/home/axaite/dbwebb-kurser/mvc/me/report/tests/AGame21/PlayerTest.php" line="19" assertions="1" time="0.007386"/>
        <testcase name="testGetPoints" class="App\AGame21\PlayerTest" classname="App.AGame21.PlayerTest" file="/home/axaite/dbwebb-kurser/mvc/me/report/tests/AGame21/PlayerTest.php" line="32" assertions="3" time="0.000781"/>
        <testcase name="testGetPointsBackJack" class="App\AGame21\PlayerTest" classname="App.AGame21.PlayerTest" file="/home/axaite/dbwebb-kurser/mvc/me/report/tests/AGame21/PlayerTest.php" line="52" assertions="3" time="0.000327"/>
      </testsuite>
      <testsuite name="App\Card\CardHandTest" file="/home/axaite/dbwebb-kurser/mvc/me/report/tests/Card/CardHandTest.php" tests="2" assertions="7" errors="0" warnings="0" failures="0" skipped="0" time="0.014982">
        <testcase name="testCreateCard" class="App\Card\CardHandTest" classname="App.Card.CardHandTest" file="/home/axaite/dbwebb-kurser/mvc/me/report/tests/Card/CardHandTest.php" line="17" assertions="2" time="0.000886"/>
        <testcase name="testDeal" class="App\Card\CardHandTest" classname="App.Card.CardHandTest" file="/home/axaite/dbwebb-kurser/mvc/me/report/tests/Card/CardHandTest.php" line="30" assertions="5" time="0.014095"/>
      </testsuite>
      <testsuite name="App\Card\CardTest" file="/home/axaite/dbwebb-kurser/mvc/me/report/tests/Card/CardTest.php" tests="5" assertions="11" errors="0" warnings="0" failures="0" skipped="0" time="0.002940">
        <testcase name="testCreateCard" class="App\Card\CardTest" classname="App.Card.CardTest" file="/home/axaite/dbwebb-kurser/mvc/me/report/tests/Card/CardTest.php" line="17" assertions="2" time="0.001817"/>
        <testcase name="testCreateCardWithValue" class="App\Card\CardTest" classname="App.Card.CardTest" file="/home/axaite/dbwebb-kurser/mvc/me/report/tests/Card/CardTest.php" line="30" assertions="2" time="0.000287"/>
        <testcase name="testCreateCardWithSuit" class="App\Card\CardTest" classname="App.Card.CardTest" file="/home/axaite/dbwebb-kurser/mvc/me/report/tests/Card/CardTest.php" line="43" assertions="3" time="0.000290"/>
        <testcase name="testCardSetSuit" class="App\Card\CardTest" classname="App.Card.CardTest" file="/home/axaite/dbwebb-kurser/mvc/me/report/tests/Card/CardTest.php" line="58" assertions="2" time="0.000256"/>
        <testcase name="testCardSetValue" class="App\Card\CardTest" classname="App.Card.CardTest" file="/home/axaite/dbwebb-kurser/mvc/me/report/tests/Card/CardTest.php" line="72" assertions="2" time="0.000291"/>
      </testsuite>
      <testsuite name="App\Card\DeckOfCardsGraphicTest" file="/home/axaite/dbwebb-kurser/mvc/me/report/tests/Card/DeckOfCardsGraphicTest.php" tests="2" assertions="3" errors="0" warnings="0" failures="0" skipped="0" time="0.001037">
        <testcase name="testCreateGraphicDeck" class="App\Card\DeckOfCardsGraphicTest" classname="App.Card.DeckOfCardsGraphicTest" file="/home/axaite/dbwebb-kurser/mvc/me/report/tests/Card/DeckOfCardsGraphicTest.php" line="17" assertions="2" time="0.000626"/>
        <testcase name="testGetCardGraphic" class="App\Card\DeckOfCardsGraphicTest" classname="App.Card.DeckOfCardsGraphicTest" file="/home/axaite/dbwebb-kurser/mvc/me/report/tests/Card/DeckOfCardsGraphicTest.php" line="31" assertions="1" time="0.000411"/>
      </testsuite>
      <testsuite name="App\Card\DeckOfCardsTest" file="/home/axaite/dbwebb-kurser/mvc/me/report/tests/Card/DeckOfCardsTest.php" tests="5" assertions="60" errors="0" warnings="0" failures="0" skipped="0" time="0.003133">
        <testcase name="testCreateDeck" class="App\Card\DeckOfCardsTest" classname="App.Card.DeckOfCardsTest" file="/home/axaite/dbwebb-kurser/mvc/me/report/tests/Card/DeckOfCardsTest.php" line="17" assertions="2" time="0.000503"/>
        <testcase name="testshuffleDeck" class="App\Card\DeckOfCardsTest" classname="App.Card.DeckOfCardsTest" file="/home/axaite/dbwebb-kurser/mvc/me/report/tests/Card/DeckOfCardsTest.php" line="30" assertions="2" time="0.000821"/>
        <testcase name="testDealACard" class="App\Card\DeckOfCardsTest" classname="App.Card.DeckOfCardsTest" file="/home/axaite/dbwebb-kurser/mvc/me/report/tests/Card/DeckOfCardsTest.php" line="44" assertions="1" time="0.000383"/>
        <testcase name="testSetCards" class="App\Card\DeckOfCardsTest" classname="App.Card.DeckOfCardsTest" file="/home/axaite/dbwebb-kurser/mvc/me/report/tests/Card/DeckOfCardsTest.php" line="57" assertions="2" time="0.000372"/>
        <testcase name="testGetCards" class="App\Card\DeckOfCardsTest" classname="App.Card.DeckOfCardsTest" file="/home/axaite/dbwebb-kurser/mvc/me/report/tests/Card/DeckOfCardsTest.php" line="72" assertions="53" time="0.001054"/>
      </testsuite>
      <testsuite name="App\Dice\DiceTest" file="/home/axaite/dbwebb-kurser/mvc/me/report/tests/Dice/DiceTest.php" tests="2" assertions="5" errors="0" warnings="0" failures="0" skipped="0" time="0.001383">
        <testcase name="testCreateDice" class="App\Dice\DiceTest" classname="App.Dice.DiceTest" file="/home/axaite/dbwebb-kurser/mvc/me/report/tests/Dice/DiceTest.php" line="17" assertions="2" time="0.001052"/>
        <testcase name="testRollDice" class="App\Dice\DiceTest" classname="App.Dice.DiceTest" file="/home/axaite/dbwebb-kurser/mvc/me/report/tests/Dice/DiceTest.php" line="30" assertions="3" time="0.000331"/>
      </testsuite>
    </testsuite>
  </testsuite>
</testsuites>
